0 info it worked if it ends with ok
1 verbose cli [ 'node',
1 verbose cli   '/usr/local/lib/node_modules/tnpm/node_modules/.bin/ali-npm',
1 verbose cli   '--no-proxy',
1 verbose cli   '--disturl=http://npm.taobao.org/mirrors/node',
1 verbose cli   '--userconfig=/Users/jared/.tnpmrc',
1 verbose cli   '--registry=http://registry.npm.alibaba-inc.com',
1 verbose cli   '--cache=/var/folders/b0/r74qs4xx60j95b5pftsx3dqw0000gn/T/tnpm_cache.6519.1422946860757',
1 verbose cli   'i',
1 verbose cli   'spm@ninja',
1 verbose cli   '-g' ]
2 info using npm@1.6.1
3 info using node@v0.10.35
4 silly cache add args [ 'spm@ninja', null ]
5 verbose cache add spec spm@ninja
6 silly cache add parsed spec { raw: 'spm@ninja',
6 silly cache add   scope: null,
6 silly cache add   name: 'spm',
6 silly cache add   rawSpec: 'ninja',
6 silly cache add   spec: 'ninja',
6 silly cache add   type: 'tag' }
7 verbose addNamed spm@ninja
8 silly addNamed semver.valid null
9 silly addNamed semver.validRange null
10 info addNameTag [ 'spm', 'ninja' ]
11 silly mapToRegistry name spm
12 silly mapToRegistry using default registry
13 silly mapToRegistry registry http://registry.npm.alibaba-inc.com/
14 silly mapToRegistry uri http://registry.npm.alibaba-inc.com/spm
15 verbose addNameTag registry:http://registry.npm.alibaba-inc.com/spm not in flight; fetching
16 verbose request uri http://registry.npm.alibaba-inc.com/spm
17 verbose request no auth needed
18 info attempt registry request try #1 at 15:01:01
19 verbose request id 07f7a6b7bab3bc9d
20 http request GET http://registry.npm.alibaba-inc.com/spm
21 http 200 http://registry.npm.alibaba-inc.com/spm
22 silly get cb [ 200,
22 silly get   { server: 'Tengine',
22 silly get     date: 'Tue, 03 Feb 2015 07:01:01 GMT',
22 silly get     'content-type': 'application/json; charset=utf-8',
22 silly get     'transfer-encoding': 'chunked',
22 silly get     connection: 'keep-alive',
22 silly get     'x-powered-by': 'koa',
22 silly get     'access-control-allow-origin': '*',
22 silly get     'access-control-allow-methods': 'GET,HEAD',
22 silly get     etag: '"1422885816000"',
22 silly get     'x-readtime': '100',
22 silly get     'content-encoding': 'gzip',
22 silly get     'content-length': 16066 } ]
23 verbose get saving spm to /var/folders/b0/r74qs4xx60j95b5pftsx3dqw0000gn/T/tnpm_cache.6519.1422946860757/registry.npm.alibaba-inc.com/spm/.cache.json
24 silly addNameTag next cb for spm with tag ninja
25 verbose addNamed spm@3.4.0-rc4
26 silly addNamed semver.valid 3.4.0-rc4
27 silly addNamed semver.validRange 3.4.0-rc4
28 silly mapToRegistry name spm
29 silly mapToRegistry using default registry
30 silly mapToRegistry registry http://registry.npm.alibaba-inc.com/
31 silly mapToRegistry uri http://registry.npm.alibaba-inc.com/spm
32 verbose addRemoteTarball http://registry.npm.alibaba-inc.com/spm/download/spm-3.4.0-rc4.tgz not in flight; adding
33 verbose addRemoteTarball [ 'http://registry.npm.alibaba-inc.com/spm/download/spm-3.4.0-rc4.tgz',
33 verbose addRemoteTarball   '1760e465b09cafd479559a7489dc8eb09289002b' ]
34 info retry fetch attempt 1 at 15:01:01
35 info attempt registry request try #1 at 15:01:01
36 http fetch GET http://registry.npm.alibaba-inc.com/spm/download/spm-3.4.0-rc4.tgz
37 http fetch 200 http://registry.npm.alibaba-inc.com/spm/download/spm-3.4.0-rc4.tgz
38 silly fetchAndShaCheck shasum 1760e465b09cafd479559a7489dc8eb09289002b
39 verbose addTmpTarball /var/folders/b0/r74qs4xx60j95b5pftsx3dqw0000gn/T/npm-6520-cf45ba2a/registry.npm.alibaba-inc.com/spm/download/spm-3.4.0-rc4.tgz not in flight; adding
40 verbose addTmpTarball already have metadata; skipping unpack for spm@3.4.0-rc4
41 silly cache afterAdd spm@3.4.0-rc4
42 verbose afterAdd /var/folders/b0/r74qs4xx60j95b5pftsx3dqw0000gn/T/tnpm_cache.6519.1422946860757/spm/3.4.0-rc4/package/package.json not in flight; writing
43 verbose afterAdd /var/folders/b0/r74qs4xx60j95b5pftsx3dqw0000gn/T/tnpm_cache.6519.1422946860757/spm/3.4.0-rc4/package/package.json written
44 silly install resolved [ { name: 'spm',
44 silly install resolved     version: '3.4.0-rc4',
44 silly install resolved     preferGlobal: 'true',
44 silly install resolved     description: 'Static Package Manager',
44 silly install resolved     author: { name: 'Hsiaoming Yang', email: 'me@lepture.com' },
44 silly install resolved     homepage: 'http://spmjs.io',
44 silly install resolved     repository: { type: 'git', url: 'https://github.com/spmjs/spm.git' },
44 silly install resolved     keywords:
44 silly install resolved      [ 'seajs',
44 silly install resolved        'module',
44 silly install resolved        'cmd',
44 silly install resolved        'spmjs',
44 silly install resolved        'package',
44 silly install resolved        'tool',
44 silly install resolved        'command line',
44 silly install resolved        'commonjs',
44 silly install resolved        'component',
44 silly install resolved        'bower',
44 silly install resolved        'npm',
44 silly install resolved        'browser' ],
44 silly install resolved     dependencies:
44 silly install resolved      { '6to5': '~3.3.3',
44 silly install resolved        archy: '~1.0.0',
44 silly install resolved        co: '3.1.0',
44 silly install resolved        colorful: '~2.1.0',
44 silly install resolved        commander: '~2.5.0',
44 silly install resolved        crequire: '~1.5.3',
44 silly install resolved        debug: '^2.1.1',
44 silly install resolved        'empty-dir': '~0.1.0',
44 silly install resolved        exeq: '~2.0.0',
44 silly install resolved        extend: '~2.0.0',
44 silly install resolved        father: '~0.11.0',
44 silly install resolved        'fs-extra': '~0.13.0',
44 silly install resolved        'fs-symlink': '1.1.0',
44 silly install resolved        fstream: '~1.0.3',
44 silly install resolved        'fstream-ignore': '~1.0.2',
44 silly install resolved        gnode: '~0.1.1',
44 silly install resolved        'gulp-template': '~1.1.1',
44 silly install resolved        inherits: '~1.0.0',
44 silly install resolved        inquirer: '~0.8.0',
44 silly install resolved        'internal-ip': '~1.0.0',
44 silly install resolved        istanbul: '~0.3.5',
44 silly install resolved        'mocha-phantomjs': '~3.5.2',
44 silly install resolved        'nico-spm': '~0.5.2',
44 silly install resolved        'react-tools': '~0.12.2',
44 silly install resolved        request: '~2.51.0',
44 silly install resolved        rimraf: '~2.2.8',
44 silly install resolved        'scripts-hook': '~0.1.3',
44 silly install resolved        semver: '~4.1.0',
44 silly install resolved        'serve-spm': '~0.10.0',
44 silly install resolved        'spm-build': '~1.2.0',
44 silly install resolved        'spm-client': '~0.3.0',
44 silly install resolved        'spm-log': '~0.1.1',
44 silly install resolved        spmrc: '~1.2.0',
44 silly install resolved        tar: '~1.0.3',
44 silly install resolved        'test-console': '~0.7.1',
44 silly install resolved        'vinyl-fs': '~0.3.13',
44 silly install resolved        whoami: '~0.0.3',
44 silly install resolved        'win-spawn': '~2.0.0' },
44 silly install resolved     devDependencies:
44 silly install resolved      { 'gulp-unzip': '~0.1.1',
44 silly install resolved        jshint: '*',
44 silly install resolved        'ls-archive': '~1.0.2',
44 silly install resolved        mocha: '*',
44 silly install resolved        muk: '~0.3.1',
44 silly install resolved        should: '~4.3.1',
44 silly install resolved        sinon: '~1.12.1' },
44 silly install resolved     bin: { spm: 'bin/spm' },
44 silly install resolved     engines: { node: '>=0.10.0' },
44 silly install resolved     scripts:
44 silly install resolved      { postinstall: 'node scripts/postinstall.js',
44 silly install resolved        test: 'make test' },
44 silly install resolved     gitHead: '9d164e946ee2b26ba25ca79c37dbccc03c8f7749',
44 silly install resolved     bugs: { url: 'https://github.com/spmjs/spm/issues' },
44 silly install resolved     _id: 'spm@3.4.0-rc4',
44 silly install resolved     _shasum: '1760e465b09cafd479559a7489dc8eb09289002b',
44 silly install resolved     _from: 'spm@ninja',
44 silly install resolved     _npmVersion: '2.1.12',
44 silly install resolved     _nodeVersion: '0.11.13',
44 silly install resolved     _npmUser: { name: 'sorrycc', email: 'sorrycc@gmail.com' },
44 silly install resolved     maintainers:
44 silly install resolved      [ [Object],
44 silly install resolved        [Object],
44 silly install resolved        [Object],
44 silly install resolved        [Object],
44 silly install resolved        [Object],
44 silly install resolved        [Object],
44 silly install resolved        [Object] ],
44 silly install resolved     dist:
44 silly install resolved      { shasum: '1760e465b09cafd479559a7489dc8eb09289002b',
44 silly install resolved        size: 275672,
44 silly install resolved        noattachment: false,
44 silly install resolved        key: 'spm/-/spm-3.4.0-rc4.tgz',
44 silly install resolved        tarball: 'http://registry.npm.alibaba-inc.com/spm/download/spm-3.4.0-rc4.tgz' },
44 silly install resolved     directories: {},
44 silly install resolved     publish_time: 1422885422117,
44 silly install resolved     _cnpm_publish_time: 1422885422117,
44 silly install resolved     _resolved: 'http://registry.npm.alibaba-inc.com/spm/download/spm-3.4.0-rc4.tgz' } ]
45 info install spm@3.4.0-rc4 into /usr/local/lib
46 info installOne spm@3.4.0-rc4
47 verbose installOne of spm to /usr/local/lib not in flight; installing
48 verbose lock using /var/folders/b0/r74qs4xx60j95b5pftsx3dqw0000gn/T/tnpm_cache.6519.1422946860757/_locks/spm-2d31858c1ba29aa6.lock for /usr/local/lib/node_modules/spm
49 silly install write writing spm 3.4.0-rc4 to /usr/local/lib/node_modules/spm
50 silly cache addNamed cb spm@3.4.0-rc4
51 verbose unbuild lib/node_modules/spm
52 info preuninstall spm@3.3.4
53 info uninstall spm@3.3.4
54 verbose unbuild rmStuff spm@3.3.4 from /usr/local/lib/node_modules
55 verbose gentlyRm verifying that /usr/local is managed by npm
56 silly isManaged /usr/local is not inside /usr/local/lib/node_modules
57 silly isManaged /usr/local is not inside /usr/local/lib/node_modules
58 silly isManaged /usr/local/bin is inside /usr/local
59 silly gentlyRm /usr/local is managed by npm
60 silly gentlyRm /usr/local/bin/spm is under /usr/local
61 verbose gentlyRm vacuuming /usr/local/bin/spm up to /usr/local
62 silly gentlyRm removing /usr/local/bin/spm
63 verbose unlock done using /var/folders/b0/r74qs4xx60j95b5pftsx3dqw0000gn/T/tnpm_cache.6519.1422946860757/_locks/spm-2d31858c1ba29aa6.lock for /usr/local/lib/node_modules/spm
64 verbose stack Error: EACCES, unlink '/usr/local/bin/spm'
65 verbose cwd /Users/jared/Documents/bui
66 error Darwin 14.1.0
67 error argv "node" "/usr/local/lib/node_modules/tnpm/node_modules/.bin/ali-npm" "--no-proxy" "--disturl=http://npm.taobao.org/mirrors/node" "--userconfig=/Users/jared/.tnpmrc" "--registry=http://registry.npm.alibaba-inc.com" "--cache=/var/folders/b0/r74qs4xx60j95b5pftsx3dqw0000gn/T/tnpm_cache.6519.1422946860757" "i" "spm@ninja" "-g"
68 error node v0.10.35
69 error npm  v1.6.1
70 error path /usr/local/bin/spm
71 error code EACCES
72 error errno 3
73 error Error: EACCES, unlink '/usr/local/bin/spm'
73 error  { [Error: EACCES, unlink '/usr/local/bin/spm'] errno: 3, code: 'EACCES', path: '/usr/local/bin/spm' }
74 error Please try running this command again as root/Administrator.
75 verbose exit [ 3, true ]
76 verbose unbuild lib/node_modules/spm
77 info preuninstall spm@3.3.4
78 info uninstall spm@3.3.4
79 verbose unbuild rmStuff spm@3.3.4 from /usr/local/lib/node_modules
80 verbose gentlyRm verifying that /usr/local is managed by npm
81 silly isManaged /usr/local is not inside /usr/local/lib/node_modules
82 silly isManaged /usr/local is not inside /usr/local/lib/node_modules
83 silly isManaged /usr/local is not inside /usr/local/bin
84 silly isManaged /usr/local is inside /usr/local
85 silly gentlyRm /usr/local is managed by npm
86 silly gentlyRm /usr/local/bin/spm is under /usr/local
87 verbose gentlyRm vacuuming /usr/local/bin/spm up to /usr/local
88 silly gentlyRm removing /usr/local/bin/spm
89 error error rolling back Error: EACCES, unlink '/usr/local/bin/spm'
89 error error rolling back  { [Error: EACCES, unlink '/usr/local/bin/spm'] errno: 3, code: 'EACCES', path: '/usr/local/bin/spm' }
