0 info it worked if it ends with ok
1 verbose cli [ 'node', '/usr/local/bin/npm', 'install', 'gulp-clean' ]
2 info using npm@1.2.21
3 info using node@v0.11.2
4 verbose read json /Users/dxq613/Desktop/work/web/bui/bui-dpl/package.json
5 verbose from cache /Users/dxq613/Desktop/work/web/bui/bui-dpl/package.json
6 verbose readDependencies using package.json deps
7 verbose cache add [ 'gulp-clean', null ]
8 verbose cache add name=undefined spec="gulp-clean" args=["gulp-clean",null]
9 verbose parsed url { protocol: null,
9 verbose parsed url   slashes: null,
9 verbose parsed url   auth: null,
9 verbose parsed url   host: null,
9 verbose parsed url   port: null,
9 verbose parsed url   hostname: null,
9 verbose parsed url   hash: null,
9 verbose parsed url   search: null,
9 verbose parsed url   query: null,
9 verbose parsed url   pathname: 'gulp-clean',
9 verbose parsed url   path: 'gulp-clean',
9 verbose parsed url   href: 'gulp-clean' }
10 silly lockFile dc403aad-gulp-clean gulp-clean
11 verbose lock gulp-clean /Users/dxq613/.npm/dc403aad-gulp-clean.lock
12 silly lockFile dc403aad-gulp-clean gulp-clean
13 silly lockFile dc403aad-gulp-clean gulp-clean
14 verbose addNamed [ 'gulp-clean', '' ]
15 verbose addNamed [ null, '' ]
16 silly lockFile 1183a3d2-gulp-clean gulp-clean@
17 verbose lock gulp-clean@ /Users/dxq613/.npm/1183a3d2-gulp-clean.lock
18 silly addNameRange { name: 'gulp-clean', range: '', hasData: false }
19 verbose url raw gulp-clean
20 verbose url resolving [ 'https://registry.npmjs.org/', './gulp-clean' ]
21 verbose url resolved https://registry.npmjs.org/gulp-clean
22 info trying registry request attempt 1 at 11:50:14
23 verbose etag "F44QOKOAC1W9BSITIF1KOHB4P"
24 http GET https://registry.npmjs.org/gulp-clean
25 http 200 https://registry.npmjs.org/gulp-clean
26 silly registry.get cb [ 200,
26 silly registry.get   { date: 'Mon, 01 Dec 2014 03:50:15 GMT',
26 silly registry.get     server: 'CouchDB/1.5.0 (Erlang OTP/R16B03)',
26 silly registry.get     etag: '"BE3X793YRQV8771AQQXOGL9DG"',
26 silly registry.get     'content-type': 'application/json',
26 silly registry.get     'cache-control': 'max-age=60',
26 silly registry.get     'content-length': '13989',
26 silly registry.get     'accept-ranges': 'bytes',
26 silly registry.get     via: '1.1 varnish',
26 silly registry.get     age: '32',
26 silly registry.get     'x-served-by': 'cache-ty67-TYO',
26 silly registry.get     'x-cache': 'HIT',
26 silly registry.get     'x-cache-hits': '2',
26 silly registry.get     'x-timer': 'S1417405815.764748,VS0,VE0',
26 silly registry.get     vary: 'Accept',
26 silly registry.get     'keep-alive': 'timeout=10, max=50',
26 silly registry.get     connection: 'Keep-Alive' } ]
27 silly addNameRange number 2 { name: 'gulp-clean', range: '', hasData: true }
28 silly addNameRange versions [ 'gulp-clean',
28 silly addNameRange   [ '0.1.1',
28 silly addNameRange     '0.1.2',
28 silly addNameRange     '0.1.3',
28 silly addNameRange     '0.2.0',
28 silly addNameRange     '0.2.1',
28 silly addNameRange     '0.2.2',
28 silly addNameRange     '0.2.3',
28 silly addNameRange     '0.2.4',
28 silly addNameRange     '0.3.0',
28 silly addNameRange     '0.3.1' ] ]
29 verbose addNamed [ 'gulp-clean', '0.3.1' ]
30 verbose addNamed [ '0.3.1', '0.3.1' ]
31 silly lockFile 72b2b8e8-gulp-clean-0-3-1 gulp-clean@0.3.1
32 verbose lock gulp-clean@0.3.1 /Users/dxq613/.npm/72b2b8e8-gulp-clean-0-3-1.lock
33 warn deprecated gulp-clean@0.3.1: use gulp-rimraf instead
34 verbose read json /Users/dxq613/.npm/gulp-clean/0.3.1/package/package.json
35 silly lockFile 72b2b8e8-gulp-clean-0-3-1 gulp-clean@0.3.1
36 silly lockFile 72b2b8e8-gulp-clean-0-3-1 gulp-clean@0.3.1
37 silly lockFile 1183a3d2-gulp-clean gulp-clean@
38 silly lockFile 1183a3d2-gulp-clean gulp-clean@
39 silly resolved [ { name: 'gulp-clean',
39 silly resolved     version: '0.3.1',
39 silly resolved     description: 'A gulp plugin for removing files and folders.',
39 silly resolved     keywords: [ 'gulpplugin', 'clean', 'remove', 'delete' ],
39 silly resolved     homepage: 'https://github.com/peter-vilja/gulp-clean',
39 silly resolved     bugs: { url: 'https://github.com/peter-vilja/gulp-clean/issues' },
39 silly resolved     author: { name: 'Peter Vilja', url: 'https://github.com/peter-vilja' },
39 silly resolved     main: 'index.js',
39 silly resolved     repository:
39 silly resolved      { type: 'git',
39 silly resolved        url: 'git://github.com/peter-vilja/gulp-clean.git' },
39 silly resolved     scripts: { test: 'mocha test.js' },
39 silly resolved     dependencies: { rimraf: '^2.2.8', 'gulp-util': '^2.2.14', through2: '^0.4.2' },
39 silly resolved     devDependencies: { mocha: '^1.19.0', chai: '^1.9.1' },
39 silly resolved     engines: { node: '>=0.9' },
39 silly resolved     licenses: [ [Object] ],
39 silly resolved     readme: '## Deprecated use [gulp-rimraf](https://github.com/robrich/gulp-rimraf) instead!\n\n\n\n# [gulp](https://github.com/wearefractal/gulp)-clean [![Build Status](https://secure.travis-ci.org/peter-vilja/gulp-clean.png?branch=master)](https://travis-ci.org/peter-vilja/gulp-clean) [![NPM version](https://badge.fury.io/js/gulp-clean.png)](http://badge.fury.io/js/gulp-clean)\n\n> Removes files and folders.\n\n## Install\n\nInstall with [npm](https://npmjs.org/package/gulp-clean).\n\n```\nnpm install --save-dev gulp-clean\n```\n\n## Examples\n\n```js\nvar gulp = require(\'gulp\');\nvar clean = require(\'gulp-clean\');\n\ngulp.task(\'default\', function () {\n\treturn gulp.src(\'app/tmp\', {read: false})\n\t\t.pipe(clean());\n});\n```\nOption read:false prevents gulp from reading the contents of the file and makes this task a lot faster. If you need the file and its contents after cleaning in the same stream, do not set the read option to false.\n\n```js\nvar gulp = require(\'gulp\');\nvar clean = require(\'gulp-clean\');\n\ngulp.task(\'default\', function () {\n\treturn gulp.src(\'app/tmp/index.js\')\n\t\t.pipe(clean({force: true}))\n\t\t.pipe(gulp.dest(\'dist\'));\n});\n```\n\n##### For safety files and folders outside the current working directory can be removed only with option force set to true.\n\nClean as a dependency:\n\n```js\nvar gulp = require(\'gulp\');\nvar clean = require(\'gulp-clean\');\n\ngulp.task(\'clean-scripts\', function () {\n  return gulp.src(\'app/tmp/*.js\', {read: false})\n    .pipe(clean());\n});\n\ngulp.task(\'scripts\', [\'clean-scripts\'], function () {\n  gulp.src(\'app/scripts/*.js\')\n    .pipe(gulp.dest(\'app/tmp\'));\n});\n\ngulp.task(\'default\', [\'scripts\']);\n```\n\nMake sure to return the stream so that gulp knows the clean task is [asynchronous](https://github.com/gulpjs/gulp/blob/master/docs/API.md#async-task-support) and waits for it to terminate before starting the dependent one.\n\n## License\n\n[MIT](http://en.wikipedia.org/wiki/MIT_License) @ Peter Vilja\n',
39 silly resolved     readmeFilename: 'README.md',
39 silly resolved     _id: 'gulp-clean@0.3.1',
39 silly resolved     _from: 'gulp-clean@' } ]
40 info install gulp-clean@0.3.1 into /Users/dxq613/Desktop/work/web/bui/bui-dpl
41 info installOne gulp-clean@0.3.1
42 verbose from cache /Users/dxq613/.npm/gulp-clean/0.3.1/package/package.json
43 info /Users/dxq613/Desktop/work/web/bui/bui-dpl/node_modules/gulp-clean unbuild
44 verbose read json /Users/dxq613/Desktop/work/web/bui/bui-dpl/node_modules/gulp-clean/package.json
45 verbose tar unpack /Users/dxq613/.npm/gulp-clean/0.3.1/package.tgz
46 silly lockFile b489adcb--bui-dpl-node-modules-gulp-clean /Users/dxq613/Desktop/work/web/bui/bui-dpl/node_modules/gulp-clean
47 verbose lock /Users/dxq613/Desktop/work/web/bui/bui-dpl/node_modules/gulp-clean /Users/dxq613/.npm/b489adcb--bui-dpl-node-modules-gulp-clean.lock
48 silly lockFile cc927413-npm-gulp-clean-0-3-1-package-tgz /Users/dxq613/.npm/gulp-clean/0.3.1/package.tgz
49 verbose lock /Users/dxq613/.npm/gulp-clean/0.3.1/package.tgz /Users/dxq613/.npm/cc927413-npm-gulp-clean-0-3-1-package-tgz.lock
50 silly gunzTarPerm modes [ '755', '644' ]
51 silly gunzTarPerm extractEntry package.json
52 silly gunzTarPerm extractEntry .npmignore
53 silly gunzTarPerm extractEntry README.md
54 silly gunzTarPerm extractEntry index.js
55 silly gunzTarPerm extractEntry test.js
56 silly gunzTarPerm extractEntry .jshintrc
57 silly gunzTarPerm extractEntry .travis.yml
58 verbose read json /Users/dxq613/Desktop/work/web/bui/bui-dpl/node_modules/gulp-clean/package.json
59 silly lockFile b489adcb--bui-dpl-node-modules-gulp-clean /Users/dxq613/Desktop/work/web/bui/bui-dpl/node_modules/gulp-clean
60 silly lockFile b489adcb--bui-dpl-node-modules-gulp-clean /Users/dxq613/Desktop/work/web/bui/bui-dpl/node_modules/gulp-clean
61 silly lockFile cc927413-npm-gulp-clean-0-3-1-package-tgz /Users/dxq613/.npm/gulp-clean/0.3.1/package.tgz
62 silly lockFile cc927413-npm-gulp-clean-0-3-1-package-tgz /Users/dxq613/.npm/gulp-clean/0.3.1/package.tgz
63 info preinstall gulp-clean@0.3.1
64 verbose from cache /Users/dxq613/Desktop/work/web/bui/bui-dpl/node_modules/gulp-clean/package.json
65 verbose readDependencies using package.json deps
66 verbose from cache /Users/dxq613/Desktop/work/web/bui/bui-dpl/node_modules/gulp-clean/package.json
67 verbose readDependencies using package.json deps
68 verbose cache add [ 'rimraf@^2.2.8', null ]
69 verbose cache add name=undefined spec="rimraf@^2.2.8" args=["rimraf@^2.2.8",null]
70 verbose parsed url { protocol: null,
70 verbose parsed url   slashes: null,
70 verbose parsed url   auth: null,
70 verbose parsed url   host: null,
70 verbose parsed url   port: null,
70 verbose parsed url   hostname: null,
70 verbose parsed url   hash: null,
70 verbose parsed url   search: null,
70 verbose parsed url   query: null,
70 verbose parsed url   pathname: 'rimraf@%5E2.2.8',
70 verbose parsed url   path: 'rimraf@%5E2.2.8',
70 verbose parsed url   href: 'rimraf@%5E2.2.8' }
71 verbose cache add name="rimraf" spec="^2.2.8" args=["rimraf","^2.2.8"]
72 verbose parsed url { protocol: null,
72 verbose parsed url   slashes: null,
72 verbose parsed url   auth: null,
72 verbose parsed url   host: null,
72 verbose parsed url   port: null,
72 verbose parsed url   hostname: null,
72 verbose parsed url   hash: null,
72 verbose parsed url   search: null,
72 verbose parsed url   query: null,
72 verbose parsed url   pathname: '%5E2.2.8',
72 verbose parsed url   path: '%5E2.2.8',
72 verbose parsed url   href: '%5E2.2.8' }
73 verbose addNamed [ 'rimraf', '^2.2.8' ]
74 verbose addNamed [ null, null ]
75 silly lockFile e7d3f915-rimraf-2-2-8 rimraf@^2.2.8
76 verbose lock rimraf@^2.2.8 /Users/dxq613/.npm/e7d3f915-rimraf-2-2-8.lock
77 verbose cache add [ 'gulp-util@^2.2.14', null ]
78 verbose cache add name=undefined spec="gulp-util@^2.2.14" args=["gulp-util@^2.2.14",null]
79 verbose parsed url { protocol: null,
79 verbose parsed url   slashes: null,
79 verbose parsed url   auth: null,
79 verbose parsed url   host: null,
79 verbose parsed url   port: null,
79 verbose parsed url   hostname: null,
79 verbose parsed url   hash: null,
79 verbose parsed url   search: null,
79 verbose parsed url   query: null,
79 verbose parsed url   pathname: 'gulp-util@%5E2.2.14',
79 verbose parsed url   path: 'gulp-util@%5E2.2.14',
79 verbose parsed url   href: 'gulp-util@%5E2.2.14' }
80 verbose cache add name="gulp-util" spec="^2.2.14" args=["gulp-util","^2.2.14"]
81 verbose parsed url { protocol: null,
81 verbose parsed url   slashes: null,
81 verbose parsed url   auth: null,
81 verbose parsed url   host: null,
81 verbose parsed url   port: null,
81 verbose parsed url   hostname: null,
81 verbose parsed url   hash: null,
81 verbose parsed url   search: null,
81 verbose parsed url   query: null,
81 verbose parsed url   pathname: '%5E2.2.14',
81 verbose parsed url   path: '%5E2.2.14',
81 verbose parsed url   href: '%5E2.2.14' }
82 verbose addNamed [ 'gulp-util', '^2.2.14' ]
83 verbose addNamed [ null, null ]
84 silly lockFile e3e5f16b-gulp-util-2-2-14 gulp-util@^2.2.14
85 verbose lock gulp-util@^2.2.14 /Users/dxq613/.npm/e3e5f16b-gulp-util-2-2-14.lock
86 info addNameTag [ 'rimraf', '^2.2.8' ]
87 verbose cache add [ 'through2@^0.4.2', null ]
88 verbose cache add name=undefined spec="through2@^0.4.2" args=["through2@^0.4.2",null]
89 verbose parsed url { protocol: null,
89 verbose parsed url   slashes: null,
89 verbose parsed url   auth: null,
89 verbose parsed url   host: null,
89 verbose parsed url   port: null,
89 verbose parsed url   hostname: null,
89 verbose parsed url   hash: null,
89 verbose parsed url   search: null,
89 verbose parsed url   query: null,
89 verbose parsed url   pathname: 'through2@%5E0.4.2',
89 verbose parsed url   path: 'through2@%5E0.4.2',
89 verbose parsed url   href: 'through2@%5E0.4.2' }
90 verbose cache add name="through2" spec="^0.4.2" args=["through2","^0.4.2"]
91 verbose parsed url { protocol: null,
91 verbose parsed url   slashes: null,
91 verbose parsed url   auth: null,
91 verbose parsed url   host: null,
91 verbose parsed url   port: null,
91 verbose parsed url   hostname: null,
91 verbose parsed url   hash: null,
91 verbose parsed url   search: null,
91 verbose parsed url   query: null,
91 verbose parsed url   pathname: '%5E0.4.2',
91 verbose parsed url   path: '%5E0.4.2',
91 verbose parsed url   href: '%5E0.4.2' }
92 verbose addNamed [ 'through2', '^0.4.2' ]
93 verbose addNamed [ null, null ]
94 silly lockFile 74281a76-through2-0-4-2 through2@^0.4.2
95 verbose lock through2@^0.4.2 /Users/dxq613/.npm/74281a76-through2-0-4-2.lock
96 info addNameTag [ 'gulp-util', '^2.2.14' ]
97 info addNameTag [ 'through2', '^0.4.2' ]
98 verbose url raw rimraf
99 verbose url resolving [ 'https://registry.npmjs.org/', './rimraf' ]
100 verbose url resolved https://registry.npmjs.org/rimraf
101 info trying registry request attempt 1 at 11:50:16
102 verbose etag "4Z0C4KQGC4I4CZ5OFYB6Y391M"
103 http GET https://registry.npmjs.org/rimraf
104 verbose url raw gulp-util
105 verbose url resolving [ 'https://registry.npmjs.org/', './gulp-util' ]
106 verbose url resolved https://registry.npmjs.org/gulp-util
107 info trying registry request attempt 1 at 11:50:16
108 verbose etag "25D2R2FQSCD9H68SGK59EJL7B"
109 http GET https://registry.npmjs.org/gulp-util
110 verbose url raw through2
111 verbose url resolving [ 'https://registry.npmjs.org/', './through2' ]
112 verbose url resolved https://registry.npmjs.org/through2
113 info trying registry request attempt 1 at 11:50:16
114 verbose etag "BROMWMJLY9GX9UW52FKOI324X"
115 http GET https://registry.npmjs.org/through2
116 http 200 https://registry.npmjs.org/gulp-util
117 silly registry.get cb [ 200,
117 silly registry.get   { date: 'Mon, 01 Dec 2014 03:50:16 GMT',
117 silly registry.get     server: 'CouchDB/1.5.0 (Erlang OTP/R16B03)',
117 silly registry.get     etag: '"3D8V5P5ROEHKDFQYCR7ELHN06"',
117 silly registry.get     'content-type': 'application/json',
117 silly registry.get     'cache-control': 'max-age=60',
117 silly registry.get     'content-length': '49657',
117 silly registry.get     'accept-ranges': 'bytes',
117 silly registry.get     via: '1.1 varnish',
117 silly registry.get     age: '0',
117 silly registry.get     'x-served-by': 'cache-ty67-TYO',
117 silly registry.get     'x-cache': 'HIT',
117 silly registry.get     'x-cache-hits': '1',
117 silly registry.get     'x-timer': 'S1417405816.442882,VS0,VE114',
117 silly registry.get     vary: 'Accept',
117 silly registry.get     'keep-alive': 'timeout=10, max=50',
117 silly registry.get     connection: 'Keep-Alive' } ]
118 silly lockFile e3e5f16b-gulp-util-2-2-14 gulp-util@^2.2.14
119 silly lockFile e3e5f16b-gulp-util-2-2-14 gulp-util@^2.2.14
120 verbose about to build /Users/dxq613/Desktop/work/web/bui/bui-dpl/node_modules/gulp-clean
121 info /Users/dxq613/Desktop/work/web/bui/bui-dpl/node_modules/gulp-clean unbuild
122 verbose from cache /Users/dxq613/Desktop/work/web/bui/bui-dpl/node_modules/gulp-clean/package.json
123 info preuninstall gulp-clean@0.3.1
124 info uninstall gulp-clean@0.3.1
125 verbose true,/Users/dxq613/Desktop/work/web/bui/bui-dpl/node_modules,/Users/dxq613/Desktop/work/web/bui/bui-dpl/node_modules unbuild gulp-clean@0.3.1
126 info postuninstall gulp-clean@0.3.1
127 error Error: No compatible version found: gulp-util@'^2.2.14'
127 error Valid install targets:
127 error ["0.0.1","1.0.0","1.1.0","1.1.1","1.2.0","1.3.0","2.0.0","2.1.1","2.1.2","2.1.3","2.1.4","2.2.0","2.2.1","2.2.2","2.2.3","2.2.5","2.2.6","2.2.7","2.2.8","2.2.9","2.2.10","2.2.11","2.2.12","2.2.13","2.2.14","2.2.15","2.2.16","2.2.17","2.2.18","2.2.19","2.2.20","3.0.0","3.0.1"]
127 error     at installTargetsError (/usr/local/lib/node_modules/npm/lib/cache.js:709:10)
127 error     at /usr/local/lib/node_modules/npm/lib/cache.js:631:10
127 error     at saved (/usr/local/lib/node_modules/npm/node_modules/npm-registry-client/lib/get.js:138:7)
127 error     at Object.oncomplete (fs.js:94:15)
128 error If you need help, you may report this log at:
128 error     <http://github.com/isaacs/npm/issues>
128 error or email it to:
128 error     <npm-@googlegroups.com>
129 error System Darwin 13.3.0
130 error command "node" "/usr/local/bin/npm" "install" "gulp-clean"
131 error cwd /Users/dxq613/Desktop/work/web/bui/bui-dpl
132 error node -v v0.11.2
133 error npm -v 1.2.21
134 verbose exit [ 1, true ]
